2025-07-11 11:18:24,643 [Worker-4: Loading available Gradle versions] INFO  o.e.b.c.i.u.g.PublishedGradleVersions - Gradle version information cache is not available. Remote download required.
2025-07-11 11:26:27,845 [Worker-2: Import Getting Started Content] INFO  o.e.m.c.i.l.LifecycleMappingFactory - Using org.maven.ide.eclipse.wtp.WarLifecycleMapping lifecycle mapping for MavenProject: com.example:jpa:0.0.1-SNAPSHOT @ C:\Students\Spring Boot Batch-1\TempSBGP\jpa\pom.xml.
2025-07-11 11:26:34,908 [Worker-2: Import Getting Started Content] INFO  o.e.m.j.i.AbstractJavaProjectConfigurator - Adding source folder /jpa/src/main/java
2025-07-11 11:26:34,911 [Worker-2: Import Getting Started Content] INFO  o.e.m.j.i.AbstractJavaProjectConfigurator - Adding resource folder /jpa/src/main/resources
2025-07-11 11:26:34,917 [Worker-2: Import Getting Started Content] INFO  o.e.m.j.i.AbstractJavaProjectConfigurator - Adding resource folder /jpa/src/main/resources
2025-07-11 11:26:34,931 [Worker-2: Import Getting Started Content] INFO  o.e.m.j.i.AbstractJavaProjectConfigurator - Adding source folder /jpa/src/test/java
2025-07-11 11:26:34,932 [Worker-2: Import Getting Started Content] INFO  o.e.m.j.i.AbstractJavaProjectConfigurator - Adding resource folder /jpa/src/test/resources
2025-07-11 11:26:46,817 [Worker-2: Import Getting Started Content] INFO  o.e.m.c.i.p.ProjectConfigurationManager - Imported and configured 1 project(s) in 26 sec
2025-07-11 11:26:46,824 [Worker-2: Import Getting Started Content] INFO  o.e.m.c.i.p.ProjectConfigurationManager - Update started
2025-07-11 11:26:48,069 [Worker-2: Import Getting Started Content] INFO  o.e.m.c.i.l.LifecycleMappingFactory - Using org.maven.ide.eclipse.wtp.WarLifecycleMapping lifecycle mapping for MavenProject: com.example:jpa:0.0.1-SNAPSHOT @ C:\Students\Spring Boot Batch-1\TempSBGP\jpa\pom.xml.
2025-07-11 11:26:49,131 [Worker-2: Import Getting Started Content] INFO  o.e.m.j.i.AbstractJavaProjectConfigurator - Adding source folder /jpa/src/main/java
2025-07-11 11:26:49,132 [Worker-2: Import Getting Started Content] INFO  o.e.m.j.i.AbstractJavaProjectConfigurator - Adding resource folder /jpa/src/main/resources
2025-07-11 11:26:49,133 [Worker-2: Import Getting Started Content] INFO  o.e.m.j.i.AbstractJavaProjectConfigurator - Adding resource folder /jpa/src/main/resources
2025-07-11 11:26:49,134 [Worker-2: Import Getting Started Content] INFO  o.e.m.j.i.AbstractJavaProjectConfigurator - Adding source folder /jpa/src/test/java
2025-07-11 11:26:49,135 [Worker-2: Import Getting Started Content] INFO  o.e.m.j.i.AbstractJavaProjectConfigurator - Adding resource folder /jpa/src/test/resources
2025-07-11 11:26:51,944 [Worker-2: Import Getting Started Content] INFO  o.e.m.w.i.f.ResourceFilteringBuildParticipant - Cleaning filtered folder for jpa
2025-07-11 11:26:51,986 [Worker-2: Import Getting Started Content] INFO  o.e.m.c.i.p.ProjectConfigurationManager - Update completed for 1 poms: local refresh takes 0.00 sec, refresh facades takes 2.00 sec, update config takes 1.00 sec 
2025-07-11 11:26:53,081 [Worker-16: Building] INFO  o.a.m.s.f.DefaultMavenResourcesFiltering - Copying 1 resource from src\main\resources to target\classes
2025-07-11 11:26:53,135 [Worker-16: Building] INFO  o.a.m.s.f.DefaultMavenResourcesFiltering - Copying 0 resource from src\main\resources to target\classes
2025-07-11 11:26:53,146 [Worker-16: Building] INFO  o.a.m.s.f.DefaultMavenResourcesFiltering - skip non existing resourceDirectory C:\Students\Spring Boot Batch-1\TempSBGP\jpa\src\test\resources
2025-07-11 11:26:53,147 [Worker-16: Building] INFO  o.e.m.w.i.f.ResourceFilteringBuildParticipant - Changed resources require a complete clean of filtered resources of jpa
2025-07-11 11:26:53,148 [Worker-16: Building] INFO  o.e.m.w.i.f.ResourceFilteringBuildParticipant - Executing resource filtering for jpa
2025-07-11 11:31:55,776 [Worker-7: Building] INFO  o.a.m.s.f.DefaultMavenResourcesFiltering - Copying 1 resource from src\main\resources to target\classes
2025-07-11 11:31:55,783 [Worker-7: Building] INFO  o.a.m.s.f.DefaultMavenResourcesFiltering - Copying 0 resource from src\main\resources to target\classes
2025-07-11 11:31:55,788 [Worker-7: Building] INFO  o.a.m.s.f.DefaultMavenResourcesFiltering - skip non existing resourceDirectory C:\Students\Spring Boot Batch-1\TempSBGP\jpa\src\test\resources
2025-07-11 11:35:09,180 [Worker-17: Launching jpa - JpaApplication] INFO  o.a.m.s.f.DefaultMavenResourcesFiltering - Copying 1 resource from src\main\resources to target\classes
2025-07-11 11:35:09,196 [Worker-17: Launching jpa - JpaApplication] INFO  o.a.m.s.f.DefaultMavenResourcesFiltering - Copying 0 resource from src\main\resources to target\classes
2025-07-11 11:35:09,201 [Worker-17: Launching jpa - JpaApplication] INFO  o.a.m.s.f.DefaultMavenResourcesFiltering - skip non existing resourceDirectory C:\Students\Spring Boot Batch-1\TempSBGP\jpa\src\test\resources
2025-07-11 11:36:29,209 [Worker-17: Building] INFO  o.a.m.s.f.DefaultMavenResourcesFiltering - Copying 0 resource from src\main\resources to target\classes
2025-07-11 11:36:29,212 [Worker-17: Building] INFO  o.a.m.s.f.DefaultMavenResourcesFiltering - Copying 1 resource from src\main\resources to target\classes
2025-07-11 11:36:29,218 [Worker-17: Building] INFO  o.a.m.s.f.DefaultMavenResourcesFiltering - skip non existing resourceDirectory C:\Students\Spring Boot Batch-1\TempSBGP\jpa\src\test\resources
2025-07-11 11:36:59,195 [Worker-20: Building] INFO  o.a.m.s.f.DefaultMavenResourcesFiltering - Copying 0 resource from src\main\resources to target\classes
2025-07-11 11:36:59,197 [Worker-20: Building] INFO  o.a.m.s.f.DefaultMavenResourcesFiltering - Copying 0 resource from src\main\resources to target\classes
2025-07-11 11:36:59,200 [Worker-20: Building] INFO  o.a.m.s.f.DefaultMavenResourcesFiltering - skip non existing resourceDirectory C:\Students\Spring Boot Batch-1\TempSBGP\jpa\src\test\resources
2025-07-11 11:37:27,776 [Worker-22: Building] INFO  o.a.m.s.f.DefaultMavenResourcesFiltering - Copying 1 resource from src\main\resources to target\classes
2025-07-11 11:37:27,800 [Worker-22: Building] INFO  o.a.m.s.f.DefaultMavenResourcesFiltering - Copying 1 resource from src\main\resources to target\classes
2025-07-11 11:37:27,806 [Worker-22: Building] INFO  o.a.m.s.f.DefaultMavenResourcesFiltering - skip non existing resourceDirectory C:\Students\Spring Boot Batch-1\TempSBGP\jpa\src\test\resources
2025-07-11 11:37:46,646 [Worker-17: Building] INFO  o.a.m.s.f.DefaultMavenResourcesFiltering - Copying 1 resource from src\main\resources to target\classes
2025-07-11 11:37:46,655 [Worker-17: Building] INFO  o.a.m.s.f.DefaultMavenResourcesFiltering - Copying 1 resource from src\main\resources to target\classes
2025-07-11 11:37:46,664 [Worker-17: Building] INFO  o.a.m.s.f.DefaultMavenResourcesFiltering - skip non existing resourceDirectory C:\Students\Spring Boot Batch-1\TempSBGP\jpa\src\test\resources
2025-07-11 11:40:32,158 [Worker-21: Building] INFO  o.a.m.s.f.DefaultMavenResourcesFiltering - Copying 1 resource from src\main\resources to target\classes
2025-07-11 11:40:32,167 [Worker-21: Building] INFO  o.a.m.s.f.DefaultMavenResourcesFiltering - Copying 1 resource from src\main\resources to target\classes
2025-07-11 11:40:32,174 [Worker-21: Building] INFO  o.a.m.s.f.DefaultMavenResourcesFiltering - skip non existing resourceDirectory C:\Students\Spring Boot Batch-1\TempSBGP\jpa\src\test\resources
2025-07-11 11:40:51,844 [Worker-22: Building] INFO  o.a.m.s.f.DefaultMavenResourcesFiltering - Copying 1 resource from src\main\resources to target\classes
2025-07-11 11:40:51,859 [Worker-22: Building] INFO  o.a.m.s.f.DefaultMavenResourcesFiltering - Copying 1 resource from src\main\resources to target\classes
2025-07-11 11:40:51,865 [Worker-22: Building] INFO  o.a.m.s.f.DefaultMavenResourcesFiltering - skip non existing resourceDirectory C:\Students\Spring Boot Batch-1\TempSBGP\jpa\src\test\resources
2025-07-11 11:41:51,919 [Worker-23: Launching jpa - JpaApplication] INFO  o.a.m.s.f.DefaultMavenResourcesFiltering - Copying 1 resource from src\main\resources to target\classes
2025-07-11 11:41:51,928 [Worker-23: Launching jpa - JpaApplication] INFO  o.a.m.s.f.DefaultMavenResourcesFiltering - Copying 1 resource from src\main\resources to target\classes
2025-07-11 11:41:51,935 [Worker-23: Launching jpa - JpaApplication] INFO  o.a.m.s.f.DefaultMavenResourcesFiltering - skip non existing resourceDirectory C:\Students\Spring Boot Batch-1\TempSBGP\jpa\src\test\resources
2025-07-11 11:43:46,945 [Worker-21: Launching jpa - JpaApplication] INFO  o.e.m.c.i.l.LifecycleMappingFactory - Using org.maven.ide.eclipse.wtp.WarLifecycleMapping lifecycle mapping for MavenProject: com.example:jpa:0.0.1-SNAPSHOT @ C:\Students\Spring Boot Batch-1\TempSBGP\jpa\pom.xml.
2025-07-11 11:43:47,583 [Worker-21: Launching jpa - JpaApplication] INFO  o.e.m.c.i.e.AbstractTransferListenerAdapter - Downloading https://repo.maven.apache.org/maven2/org/apache/tomcat/tomcat-jasper/10.1.42/tomcat-jasper-10.1.42.pom
2025-07-11 11:43:47,619 [Worker-21: Launching jpa - JpaApplication] INFO  o.e.m.c.i.e.AbstractTransferListenerAdapter - Downloaded https://repo.maven.apache.org/maven2/org/apache/tomcat/tomcat-jasper/10.1.42/tomcat-jasper-10.1.42.pom
2025-07-11 11:43:47,664 [Worker-21: Launching jpa - JpaApplication] INFO  o.e.m.c.i.e.AbstractTransferListenerAdapter - Downloading https://repo.maven.apache.org/maven2/org/apache/tomcat/tomcat-servlet-api/10.1.42/tomcat-servlet-api-10.1.42.pom
2025-07-11 11:43:47,690 [Worker-21: Launching jpa - JpaApplication] INFO  o.e.m.c.i.e.AbstractTransferListenerAdapter - Downloaded https://repo.maven.apache.org/maven2/org/apache/tomcat/tomcat-servlet-api/10.1.42/tomcat-servlet-api-10.1.42.pom
2025-07-11 11:43:47,724 [Worker-21: Launching jpa - JpaApplication] INFO  o.e.m.c.i.e.AbstractTransferListenerAdapter - Downloading https://repo.maven.apache.org/maven2/org/apache/tomcat/tomcat-juli/10.1.42/tomcat-juli-10.1.42.pom
2025-07-11 11:43:47,748 [Worker-21: Launching jpa - JpaApplication] INFO  o.e.m.c.i.e.AbstractTransferListenerAdapter - Downloaded https://repo.maven.apache.org/maven2/org/apache/tomcat/tomcat-juli/10.1.42/tomcat-juli-10.1.42.pom
2025-07-11 11:43:47,779 [Worker-21: Launching jpa - JpaApplication] INFO  o.e.m.c.i.e.AbstractTransferListenerAdapter - Downloading https://repo.maven.apache.org/maven2/org/apache/tomcat/tomcat-jsp-api/10.1.42/tomcat-jsp-api-10.1.42.pom
2025-07-11 11:43:47,807 [Worker-21: Launching jpa - JpaApplication] INFO  o.e.m.c.i.e.AbstractTransferListenerAdapter - Downloaded https://repo.maven.apache.org/maven2/org/apache/tomcat/tomcat-jsp-api/10.1.42/tomcat-jsp-api-10.1.42.pom
2025-07-11 11:43:47,844 [Worker-21: Launching jpa - JpaApplication] INFO  o.e.m.c.i.e.AbstractTransferListenerAdapter - Downloading https://repo.maven.apache.org/maven2/org/apache/tomcat/tomcat-el-api/10.1.42/tomcat-el-api-10.1.42.pom
2025-07-11 11:43:47,868 [Worker-21: Launching jpa - JpaApplication] INFO  o.e.m.c.i.e.AbstractTransferListenerAdapter - Downloaded https://repo.maven.apache.org/maven2/org/apache/tomcat/tomcat-el-api/10.1.42/tomcat-el-api-10.1.42.pom
2025-07-11 11:43:47,906 [Worker-21: Launching jpa - JpaApplication] INFO  o.e.m.c.i.e.AbstractTransferListenerAdapter - Downloading https://repo.maven.apache.org/maven2/org/eclipse/jdt/ecj/3.33.0/ecj-3.33.0.pom
2025-07-11 11:43:47,934 [Worker-21: Launching jpa - JpaApplication] INFO  o.e.m.c.i.e.AbstractTransferListenerAdapter - Downloaded https://repo.maven.apache.org/maven2/org/eclipse/jdt/ecj/3.33.0/ecj-3.33.0.pom
2025-07-11 11:43:47,990 [Worker-21: Launching jpa - JpaApplication] INFO  o.e.m.c.i.e.AbstractTransferListenerAdapter - Downloading https://repo.maven.apache.org/maven2/org/apache/tomcat/tomcat-jasper-el/10.1.42/tomcat-jasper-el-10.1.42.pom
2025-07-11 11:43:48,013 [Worker-21: Launching jpa - JpaApplication] INFO  o.e.m.c.i.e.AbstractTransferListenerAdapter - Downloaded https://repo.maven.apache.org/maven2/org/apache/tomcat/tomcat-jasper-el/10.1.42/tomcat-jasper-el-10.1.42.pom
2025-07-11 11:43:48,051 [Worker-21: Launching jpa - JpaApplication] INFO  o.e.m.c.i.e.AbstractTransferListenerAdapter - Downloading https://repo.maven.apache.org/maven2/org/apache/tomcat/tomcat-api/10.1.42/tomcat-api-10.1.42.pom
2025-07-11 11:43:48,075 [Worker-21: Launching jpa - JpaApplication] INFO  o.e.m.c.i.e.AbstractTransferListenerAdapter - Downloaded https://repo.maven.apache.org/maven2/org/apache/tomcat/tomcat-api/10.1.42/tomcat-api-10.1.42.pom
2025-07-11 11:43:48,125 [Worker-21: Launching jpa - JpaApplication] INFO  o.e.m.c.i.e.AbstractTransferListenerAdapter - Downloading https://repo.maven.apache.org/maven2/org/apache/tomcat/tomcat-util-scan/10.1.42/tomcat-util-scan-10.1.42.pom
2025-07-11 11:43:48,149 [Worker-21: Launching jpa - JpaApplication] INFO  o.e.m.c.i.e.AbstractTransferListenerAdapter - Downloaded https://repo.maven.apache.org/maven2/org/apache/tomcat/tomcat-util-scan/10.1.42/tomcat-util-scan-10.1.42.pom
2025-07-11 11:43:48,180 [Worker-21: Launching jpa - JpaApplication] INFO  o.e.m.c.i.e.AbstractTransferListenerAdapter - Downloading https://repo.maven.apache.org/maven2/org/apache/tomcat/tomcat-util/10.1.42/tomcat-util-10.1.42.pom
2025-07-11 11:43:48,204 [Worker-21: Launching jpa - JpaApplication] INFO  o.e.m.c.i.e.AbstractTransferListenerAdapter - Downloaded https://repo.maven.apache.org/maven2/org/apache/tomcat/tomcat-util/10.1.42/tomcat-util-10.1.42.pom
2025-07-11 11:43:48,384 [Worker-21: Launching jpa - JpaApplication] INFO  o.e.m.c.i.e.AbstractTransferListenerAdapter - Downloading https://repo.maven.apache.org/maven2/org/apache/tomcat/tomcat-jasper/10.1.42/tomcat-jasper-10.1.42.jar
2025-07-11 11:43:48,525 [Worker-21: Launching jpa - JpaApplication] INFO  o.e.m.c.i.e.AbstractTransferListenerAdapter - Downloaded https://repo.maven.apache.org/maven2/org/apache/tomcat/tomcat-jasper/10.1.42/tomcat-jasper-10.1.42.jar
2025-07-11 11:43:48,553 [BasicRepositoryConnector-repo.maven.apache.org-0-3] INFO  o.e.m.c.i.e.AbstractTransferListenerAdapter - Downloading https://repo.maven.apache.org/maven2/org/apache/tomcat/tomcat-el-api/10.1.42/tomcat-el-api-10.1.42.jar
2025-07-11 11:43:48,590 [BasicRepositoryConnector-repo.maven.apache.org-0-3] INFO  o.e.m.c.i.e.AbstractTransferListenerAdapter - Downloaded https://repo.maven.apache.org/maven2/org/apache/tomcat/tomcat-el-api/10.1.42/tomcat-el-api-10.1.42.jar
2025-07-11 11:43:48,614 [BasicRepositoryConnector-repo.maven.apache.org-0-3] INFO  o.e.m.c.i.e.AbstractTransferListenerAdapter - Downloading https://repo.maven.apache.org/maven2/org/apache/tomcat/tomcat-jasper-el/10.1.42/tomcat-jasper-el-10.1.42.jar
2025-07-11 11:43:48,615 [BasicRepositoryConnector-repo.maven.apache.org-0-1] INFO  o.e.m.c.i.e.AbstractTransferListenerAdapter - Downloading https://repo.maven.apache.org/maven2/org/apache/tomcat/tomcat-juli/10.1.42/tomcat-juli-10.1.42.jar
2025-07-11 11:43:48,621 [BasicRepositoryConnector-repo.maven.apache.org-0-2] INFO  o.e.m.c.i.e.AbstractTransferListenerAdapter - Downloading https://repo.maven.apache.org/maven2/org/apache/tomcat/tomcat-jsp-api/10.1.42/tomcat-jsp-api-10.1.42.jar
2025-07-11 11:43:48,621 [BasicRepositoryConnector-repo.maven.apache.org-0-0] INFO  o.e.m.c.i.e.AbstractTransferListenerAdapter - Downloading https://repo.maven.apache.org/maven2/org/apache/tomcat/tomcat-servlet-api/10.1.42/tomcat-servlet-api-10.1.42.jar
2025-07-11 11:43:48,622 [BasicRepositoryConnector-repo.maven.apache.org-0-4] INFO  o.e.m.c.i.e.AbstractTransferListenerAdapter - Downloading https://repo.maven.apache.org/maven2/org/eclipse/jdt/ecj/3.33.0/ecj-3.33.0.jar
2025-07-11 11:43:48,680 [BasicRepositoryConnector-repo.maven.apache.org-0-3] INFO  o.e.m.c.i.e.AbstractTransferListenerAdapter - Downloaded https://repo.maven.apache.org/maven2/org/apache/tomcat/tomcat-jasper-el/10.1.42/tomcat-jasper-el-10.1.42.jar
2025-07-11 11:43:48,700 [BasicRepositoryConnector-repo.maven.apache.org-0-2] INFO  o.e.m.c.i.e.AbstractTransferListenerAdapter - Downloaded https://repo.maven.apache.org/maven2/org/apache/tomcat/tomcat-jsp-api/10.1.42/tomcat-jsp-api-10.1.42.jar
2025-07-11 11:43:48,701 [BasicRepositoryConnector-repo.maven.apache.org-0-1] INFO  o.e.m.c.i.e.AbstractTransferListenerAdapter - Downloaded https://repo.maven.apache.org/maven2/org/apache/tomcat/tomcat-juli/10.1.42/tomcat-juli-10.1.42.jar
2025-07-11 11:43:48,705 [BasicRepositoryConnector-repo.maven.apache.org-0-3] INFO  o.e.m.c.i.e.AbstractTransferListenerAdapter - Downloading https://repo.maven.apache.org/maven2/org/apache/tomcat/tomcat-api/10.1.42/tomcat-api-10.1.42.jar
2025-07-11 11:43:48,729 [BasicRepositoryConnector-repo.maven.apache.org-0-2] INFO  o.e.m.c.i.e.AbstractTransferListenerAdapter - Downloading https://repo.maven.apache.org/maven2/org/apache/tomcat/tomcat-util-scan/10.1.42/tomcat-util-scan-10.1.42.jar
2025-07-11 11:43:48,729 [BasicRepositoryConnector-repo.maven.apache.org-0-1] INFO  o.e.m.c.i.e.AbstractTransferListenerAdapter - Downloading https://repo.maven.apache.org/maven2/org/apache/tomcat/tomcat-util/10.1.42/tomcat-util-10.1.42.jar
2025-07-11 11:43:48,770 [BasicRepositoryConnector-repo.maven.apache.org-0-0] INFO  o.e.m.c.i.e.AbstractTransferListenerAdapter - Downloaded https://repo.maven.apache.org/maven2/org/apache/tomcat/tomcat-servlet-api/10.1.42/tomcat-servlet-api-10.1.42.jar
2025-07-11 11:43:48,800 [BasicRepositoryConnector-repo.maven.apache.org-0-1] INFO  o.e.m.c.i.e.AbstractTransferListenerAdapter - Downloaded https://repo.maven.apache.org/maven2/org/apache/tomcat/tomcat-util/10.1.42/tomcat-util-10.1.42.jar
2025-07-11 11:43:48,832 [BasicRepositoryConnector-repo.maven.apache.org-0-2] INFO  o.e.m.c.i.e.AbstractTransferListenerAdapter - Downloaded https://repo.maven.apache.org/maven2/org/apache/tomcat/tomcat-util-scan/10.1.42/tomcat-util-scan-10.1.42.jar
2025-07-11 11:43:48,944 [BasicRepositoryConnector-repo.maven.apache.org-0-4] INFO  o.e.m.c.i.e.AbstractTransferListenerAdapter - Downloaded https://repo.maven.apache.org/maven2/org/eclipse/jdt/ecj/3.33.0/ecj-3.33.0.jar
2025-07-11 11:43:49,046 [BasicRepositoryConnector-repo.maven.apache.org-0-3] INFO  o.e.m.c.i.e.AbstractTransferListenerAdapter - Downloaded https://repo.maven.apache.org/maven2/org/apache/tomcat/tomcat-api/10.1.42/tomcat-api-10.1.42.jar
2025-07-11 11:43:49,498 [Worker-21: Launching jpa - JpaApplication] INFO  o.a.m.s.f.DefaultMavenResourcesFiltering - Copying 0 resource from src\main\resources to target\classes
2025-07-11 11:43:49,499 [Worker-21: Launching jpa - JpaApplication] INFO  o.a.m.s.f.DefaultMavenResourcesFiltering - Copying 0 resource from src\main\resources to target\classes
2025-07-11 11:43:49,503 [Worker-21: Launching jpa - JpaApplication] INFO  o.a.m.s.f.DefaultMavenResourcesFiltering - skip non existing resourceDirectory C:\Students\Spring Boot Batch-1\TempSBGP\jpa\src\test\resources
2025-07-11 11:43:49,504 [Worker-21: Launching jpa - JpaApplication] INFO  o.e.m.w.i.f.ResourceFilteringBuildParticipant - Changed resources require a complete clean of filtered resources of jpa
2025-07-11 11:43:49,504 [Worker-21: Launching jpa - JpaApplication] INFO  o.e.m.w.i.f.ResourceFilteringBuildParticipant - Executing resource filtering for jpa
2025-07-11 11:43:49,993 [Worker-24: Building] INFO  o.a.m.s.f.DefaultMavenResourcesFiltering - Copying 1 resource from src\main\resources to target\classes
2025-07-11 11:43:50,018 [Worker-24: Building] INFO  o.a.m.s.f.DefaultMavenResourcesFiltering - Copying 1 resource from src\main\resources to target\classes
2025-07-11 11:43:50,030 [Worker-24: Building] INFO  o.a.m.s.f.DefaultMavenResourcesFiltering - skip non existing resourceDirectory C:\Students\Spring Boot Batch-1\TempSBGP\jpa\src\test\resources
2025-07-11 11:43:50,506 [Worker-20: Download sources and javadoc] INFO  o.e.m.c.i.e.AbstractTransferListenerAdapter - Downloading https://repo.maven.apache.org/maven2/org/apache/tomcat/tomcat-jasper/10.1.42/tomcat-jasper-10.1.42-sources.jar
2025-07-11 11:43:50,758 [Worker-20: Download sources and javadoc] INFO  o.e.m.c.i.e.AbstractTransferListenerAdapter - Downloaded https://repo.maven.apache.org/maven2/org/apache/tomcat/tomcat-jasper/10.1.42/tomcat-jasper-10.1.42-sources.jar
2025-07-11 11:43:50,763 [Worker-20: Download sources and javadoc] INFO  o.e.m.j.internal.DownloadSourcesJob - Downloaded sources for org.apache.tomcat:tomcat-jasper:10.1.42
2025-07-11 11:43:50,888 [Worker-20: Download sources and javadoc] INFO  o.e.m.c.i.e.AbstractTransferListenerAdapter - Downloading https://repo.maven.apache.org/maven2/org/apache/tomcat/tomcat-servlet-api/10.1.42/tomcat-servlet-api-10.1.42-sources.jar
2025-07-11 11:43:51,117 [Worker-20: Download sources and javadoc] INFO  o.e.m.c.i.e.AbstractTransferListenerAdapter - Downloaded https://repo.maven.apache.org/maven2/org/apache/tomcat/tomcat-servlet-api/10.1.42/tomcat-servlet-api-10.1.42-sources.jar
2025-07-11 11:43:51,125 [Worker-20: Download sources and javadoc] INFO  o.e.m.j.internal.DownloadSourcesJob - Downloaded sources for org.apache.tomcat:tomcat-servlet-api:10.1.42
2025-07-11 11:43:51,220 [Worker-20: Download sources and javadoc] INFO  o.e.m.c.i.e.AbstractTransferListenerAdapter - Downloading https://repo.maven.apache.org/maven2/org/apache/tomcat/tomcat-juli/10.1.42/tomcat-juli-10.1.42-sources.jar
2025-07-11 11:43:52,051 [Worker-20: Download sources and javadoc] INFO  o.e.m.c.i.e.AbstractTransferListenerAdapter - Downloaded https://repo.maven.apache.org/maven2/org/apache/tomcat/tomcat-juli/10.1.42/tomcat-juli-10.1.42-sources.jar
2025-07-11 11:43:52,059 [Worker-20: Download sources and javadoc] INFO  o.e.m.j.internal.DownloadSourcesJob - Downloaded sources for org.apache.tomcat:tomcat-juli:10.1.42
2025-07-11 11:43:52,150 [Worker-20: Download sources and javadoc] INFO  o.e.m.c.i.e.AbstractTransferListenerAdapter - Downloading https://repo.maven.apache.org/maven2/org/apache/tomcat/tomcat-jsp-api/10.1.42/tomcat-jsp-api-10.1.42-sources.jar
2025-07-11 11:43:52,261 [Worker-20: Download sources and javadoc] INFO  o.e.m.c.i.e.AbstractTransferListenerAdapter - Downloaded https://repo.maven.apache.org/maven2/org/apache/tomcat/tomcat-jsp-api/10.1.42/tomcat-jsp-api-10.1.42-sources.jar
2025-07-11 11:43:52,268 [Worker-20: Download sources and javadoc] INFO  o.e.m.j.internal.DownloadSourcesJob - Downloaded sources for org.apache.tomcat:tomcat-jsp-api:10.1.42
2025-07-11 11:43:52,647 [Worker-20: Download sources and javadoc] INFO  o.e.m.c.i.e.AbstractTransferListenerAdapter - Downloading https://repo.maven.apache.org/maven2/org/apache/tomcat/tomcat-el-api/10.1.42/tomcat-el-api-10.1.42-sources.jar
2025-07-11 11:43:52,751 [Worker-20: Download sources and javadoc] INFO  o.e.m.c.i.e.AbstractTransferListenerAdapter - Downloaded https://repo.maven.apache.org/maven2/org/apache/tomcat/tomcat-el-api/10.1.42/tomcat-el-api-10.1.42-sources.jar
2025-07-11 11:43:52,757 [Worker-20: Download sources and javadoc] INFO  o.e.m.j.internal.DownloadSourcesJob - Downloaded sources for org.apache.tomcat:tomcat-el-api:10.1.42
2025-07-11 11:43:52,867 [Worker-20: Download sources and javadoc] INFO  o.e.m.c.i.e.AbstractTransferListenerAdapter - Downloading https://repo.maven.apache.org/maven2/org/eclipse/jdt/ecj/3.33.0/ecj-3.33.0-sources.jar
2025-07-11 11:43:53,278 [Worker-20: Download sources and javadoc] INFO  o.e.m.c.i.e.AbstractTransferListenerAdapter - Downloaded https://repo.maven.apache.org/maven2/org/eclipse/jdt/ecj/3.33.0/ecj-3.33.0-sources.jar
2025-07-11 11:43:53,284 [Worker-20: Download sources and javadoc] INFO  o.e.m.j.internal.DownloadSourcesJob - Downloaded sources for org.eclipse.jdt:ecj:3.33.0
2025-07-11 11:43:53,370 [Worker-20: Download sources and javadoc] INFO  o.e.m.c.i.e.AbstractTransferListenerAdapter - Downloading https://repo.maven.apache.org/maven2/org/apache/tomcat/tomcat-jasper-el/10.1.42/tomcat-jasper-el-10.1.42-sources.jar
2025-07-11 11:43:53,472 [Worker-20: Download sources and javadoc] INFO  o.e.m.c.i.e.AbstractTransferListenerAdapter - Downloaded https://repo.maven.apache.org/maven2/org/apache/tomcat/tomcat-jasper-el/10.1.42/tomcat-jasper-el-10.1.42-sources.jar
2025-07-11 11:43:53,478 [Worker-20: Download sources and javadoc] INFO  o.e.m.j.internal.DownloadSourcesJob - Downloaded sources for org.apache.tomcat:tomcat-jasper-el:10.1.42
2025-07-11 11:43:53,566 [Worker-20: Download sources and javadoc] INFO  o.e.m.c.i.e.AbstractTransferListenerAdapter - Downloading https://repo.maven.apache.org/maven2/org/apache/tomcat/tomcat-api/10.1.42/tomcat-api-10.1.42-sources.jar
2025-07-11 11:43:53,917 [Worker-20: Download sources and javadoc] INFO  o.e.m.c.i.e.AbstractTransferListenerAdapter - Downloaded https://repo.maven.apache.org/maven2/org/apache/tomcat/tomcat-api/10.1.42/tomcat-api-10.1.42-sources.jar
2025-07-11 11:43:53,922 [Worker-20: Download sources and javadoc] INFO  o.e.m.j.internal.DownloadSourcesJob - Downloaded sources for org.apache.tomcat:tomcat-api:10.1.42
2025-07-11 11:43:54,000 [Worker-20: Download sources and javadoc] INFO  o.e.m.c.i.e.AbstractTransferListenerAdapter - Downloading https://repo.maven.apache.org/maven2/org/apache/tomcat/tomcat-util-scan/10.1.42/tomcat-util-scan-10.1.42-sources.jar
2025-07-11 11:43:54,135 [Worker-20: Download sources and javadoc] INFO  o.e.m.c.i.e.AbstractTransferListenerAdapter - Downloaded https://repo.maven.apache.org/maven2/org/apache/tomcat/tomcat-util-scan/10.1.42/tomcat-util-scan-10.1.42-sources.jar
2025-07-11 11:43:54,140 [Worker-20: Download sources and javadoc] INFO  o.e.m.j.internal.DownloadSourcesJob - Downloaded sources for org.apache.tomcat:tomcat-util-scan:10.1.42
2025-07-11 11:43:54,226 [Worker-20: Download sources and javadoc] INFO  o.e.m.c.i.e.AbstractTransferListenerAdapter - Downloading https://repo.maven.apache.org/maven2/org/apache/tomcat/tomcat-util/10.1.42/tomcat-util-10.1.42-sources.jar
2025-07-11 11:43:54,314 [Worker-20: Download sources and javadoc] INFO  o.e.m.c.i.e.AbstractTransferListenerAdapter - Downloaded https://repo.maven.apache.org/maven2/org/apache/tomcat/tomcat-util/10.1.42/tomcat-util-10.1.42-sources.jar
2025-07-11 11:43:54,319 [Worker-20: Download sources and javadoc] INFO  o.e.m.j.internal.DownloadSourcesJob - Downloaded sources for org.apache.tomcat:tomcat-util:10.1.42
2025-07-11 12:13:20,384 [Worker-1: Loading available Gradle versions] INFO  o.e.b.c.i.u.g.PublishedGradleVersions - Gradle version information cache is up-to-date. Trying to read.
2025-07-11 12:21:29,381 [Worker-2: Launching jpa - JpaApplication] INFO  o.a.m.s.f.DefaultMavenResourcesFiltering - Copying 1 resource from src\main\resources to target\classes
2025-07-11 12:21:29,399 [Worker-2: Launching jpa - JpaApplication] INFO  o.a.m.s.f.DefaultMavenResourcesFiltering - Copying 1 resource from src\main\resources to target\classes
2025-07-11 12:21:29,410 [Worker-2: Launching jpa - JpaApplication] INFO  o.a.m.s.f.DefaultMavenResourcesFiltering - skip non existing resourceDirectory C:\Students\Spring Boot Batch-1\TempSBGP\jpa\src\test\resources
2025-07-11 12:25:20,870 [Worker-6: Launching jpa - JpaApplication] INFO  o.a.m.s.f.DefaultMavenResourcesFiltering - Copying 1 resource from src\main\resources to target\classes
2025-07-11 12:25:20,882 [Worker-6: Launching jpa - JpaApplication] INFO  o.a.m.s.f.DefaultMavenResourcesFiltering - Copying 1 resource from src\main\resources to target\classes
2025-07-11 12:25:20,888 [Worker-6: Launching jpa - JpaApplication] INFO  o.a.m.s.f.DefaultMavenResourcesFiltering - skip non existing resourceDirectory C:\Students\Spring Boot Batch-1\TempSBGP\jpa\src\test\resources
2025-07-11 12:31:28,145 [Worker-9: Launching jpa - JpaApplication] INFO  o.a.m.s.f.DefaultMavenResourcesFiltering - Copying 1 resource from src\main\resources to target\classes
2025-07-11 12:31:28,157 [Worker-9: Launching jpa - JpaApplication] INFO  o.a.m.s.f.DefaultMavenResourcesFiltering - Copying 1 resource from src\main\resources to target\classes
2025-07-11 12:31:28,167 [Worker-9: Launching jpa - JpaApplication] INFO  o.a.m.s.f.DefaultMavenResourcesFiltering - skip non existing resourceDirectory C:\Students\Spring Boot Batch-1\TempSBGP\jpa\src\test\resources
2025-07-11 12:33:38,343 [Worker-10: Launching jpa - JpaApplication] INFO  o.a.m.s.f.DefaultMavenResourcesFiltering - Copying 1 resource from src\main\resources to target\classes
2025-07-11 12:33:38,358 [Worker-10: Launching jpa - JpaApplication] INFO  o.a.m.s.f.DefaultMavenResourcesFiltering - Copying 1 resource from src\main\resources to target\classes
2025-07-11 12:33:38,370 [Worker-10: Launching jpa - JpaApplication] INFO  o.a.m.s.f.DefaultMavenResourcesFiltering - skip non existing resourceDirectory C:\Students\Spring Boot Batch-1\TempSBGP\jpa\src\test\resources
2025-07-11 12:37:10,024 [Worker-4: Launching jpa - JpaApplication] INFO  o.a.m.s.f.DefaultMavenResourcesFiltering - Copying 1 resource from src\main\resources to target\classes
2025-07-11 12:37:10,037 [Worker-4: Launching jpa - JpaApplication] INFO  o.a.m.s.f.DefaultMavenResourcesFiltering - Copying 1 resource from src\main\resources to target\classes
2025-07-11 12:37:10,044 [Worker-4: Launching jpa - JpaApplication] INFO  o.a.m.s.f.DefaultMavenResourcesFiltering - skip non existing resourceDirectory C:\Students\Spring Boot Batch-1\TempSBGP\jpa\src\test\resources
2025-07-11 12:39:04,516 [Worker-10: Launching jpa - JpaApplication] INFO  o.a.m.s.f.DefaultMavenResourcesFiltering - Copying 1 resource from src\main\resources to target\classes
2025-07-11 12:39:04,544 [Worker-10: Launching jpa - JpaApplication] INFO  o.a.m.s.f.DefaultMavenResourcesFiltering - Copying 1 resource from src\main\resources to target\classes
2025-07-11 12:39:04,552 [Worker-10: Launching jpa - JpaApplication] INFO  o.a.m.s.f.DefaultMavenResourcesFiltering - skip non existing resourceDirectory C:\Students\Spring Boot Batch-1\TempSBGP\jpa\src\test\resources
2025-07-11 12:42:08,069 [Worker-8: Launching jpa - JpaApplication] INFO  o.a.m.s.f.DefaultMavenResourcesFiltering - Copying 1 resource from src\main\resources to target\classes
2025-07-11 12:42:08,080 [Worker-8: Launching jpa - JpaApplication] INFO  o.a.m.s.f.DefaultMavenResourcesFiltering - Copying 1 resource from src\main\resources to target\classes
2025-07-11 12:42:08,088 [Worker-8: Launching jpa - JpaApplication] INFO  o.a.m.s.f.DefaultMavenResourcesFiltering - skip non existing resourceDirectory C:\Students\Spring Boot Batch-1\TempSBGP\jpa\src\test\resources
2025-07-11 12:45:09,339 [Worker-1: Launching jpa - JpaApplication] INFO  o.a.m.s.f.DefaultMavenResourcesFiltering - Copying 0 resource from src\main\resources to target\classes
2025-07-11 12:45:09,342 [Worker-1: Launching jpa - JpaApplication] INFO  o.a.m.s.f.DefaultMavenResourcesFiltering - Copying 0 resource from src\main\resources to target\classes
2025-07-11 12:45:09,352 [Worker-1: Launching jpa - JpaApplication] INFO  o.a.m.s.f.DefaultMavenResourcesFiltering - skip non existing resourceDirectory C:\Students\Spring Boot Batch-1\TempSBGP\jpa\src\test\resources
2025-07-11 12:50:55,341 [Worker-7: Launching jpa - JpaApplication] INFO  o.a.m.s.f.DefaultMavenResourcesFiltering - Copying 0 resource from src\main\resources to target\classes
2025-07-11 12:50:55,345 [Worker-7: Launching jpa - JpaApplication] INFO  o.a.m.s.f.DefaultMavenResourcesFiltering - Copying 0 resource from src\main\resources to target\classes
2025-07-11 12:50:55,352 [Worker-7: Launching jpa - JpaApplication] INFO  o.a.m.s.f.DefaultMavenResourcesFiltering - skip non existing resourceDirectory C:\Students\Spring Boot Batch-1\TempSBGP\jpa\src\test\resources
2025-07-11 12:51:59,305 [Worker-12: Launching jpa - JpaApplication] INFO  o.a.m.s.f.DefaultMavenResourcesFiltering - Copying 0 resource from src\main\resources to target\classes
2025-07-11 12:51:59,311 [Worker-12: Launching jpa - JpaApplication] INFO  o.a.m.s.f.DefaultMavenResourcesFiltering - Copying 0 resource from src\main\resources to target\classes
2025-07-11 12:51:59,319 [Worker-12: Launching jpa - JpaApplication] INFO  o.a.m.s.f.DefaultMavenResourcesFiltering - skip non existing resourceDirectory C:\Students\Spring Boot Batch-1\TempSBGP\jpa\src\test\resources
2025-07-11 12:53:21,529 [Worker-9: Launching jpa - JpaApplication] INFO  o.a.m.s.f.DefaultMavenResourcesFiltering - Copying 1 resource from src\main\resources to target\classes
2025-07-11 12:53:21,542 [Worker-9: Launching jpa - JpaApplication] INFO  o.a.m.s.f.DefaultMavenResourcesFiltering - Copying 1 resource from src\main\resources to target\classes
2025-07-11 12:53:21,548 [Worker-9: Launching jpa - JpaApplication] INFO  o.a.m.s.f.DefaultMavenResourcesFiltering - skip non existing resourceDirectory C:\Students\Spring Boot Batch-1\TempSBGP\jpa\src\test\resources
2025-07-14 12:10:24,803 [Worker-8: Loading available Gradle versions] INFO  o.e.b.c.i.u.g.PublishedGradleVersions - Gradle version information cache is out-of-date. Trying to update.
2025-07-14 12:12:11,546 [Worker-5: Building] INFO  o.a.m.s.f.DefaultMavenResourcesFiltering - Copying 1 resource from src\main\resources to target\classes
2025-07-14 12:12:11,607 [Worker-5: Building] INFO  o.a.m.s.f.DefaultMavenResourcesFiltering - Copying 1 resource from src\main\resources to target\classes
2025-07-14 12:12:11,623 [Worker-5: Building] INFO  o.a.m.s.f.DefaultMavenResourcesFiltering - skip non existing resourceDirectory C:\Students\Spring Boot Batch-1\TempSBGP\jpa\src\test\resources
2025-07-14 12:21:11,658 [Worker-9: Building] INFO  o.a.m.s.f.DefaultMavenResourcesFiltering - Copying 0 resource from src\main\resources to target\classes
2025-07-14 12:21:11,662 [Worker-9: Building] INFO  o.a.m.s.f.DefaultMavenResourcesFiltering - Copying 0 resource from src\main\resources to target\classes
2025-07-14 12:21:11,669 [Worker-9: Building] INFO  o.a.m.s.f.DefaultMavenResourcesFiltering - skip non existing resourceDirectory C:\Students\Spring Boot Batch-1\TempSBGP\jpa\src\test\resources
2025-07-14 12:22:13,249 [Worker-10: Building] INFO  o.a.m.s.f.DefaultMavenResourcesFiltering - Copying 1 resource from src\main\resources to target\classes
2025-07-14 12:22:13,255 [Worker-10: Building] INFO  o.a.m.s.f.DefaultMavenResourcesFiltering - Copying 1 resource from src\main\resources to target\classes
2025-07-14 12:22:13,261 [Worker-10: Building] INFO  o.a.m.s.f.DefaultMavenResourcesFiltering - skip non existing resourceDirectory C:\Students\Spring Boot Batch-1\TempSBGP\jpa\src\test\resources
2025-07-14 12:23:27,737 [Worker-11: Launching jpa - JpaApplication] INFO  o.a.m.s.f.DefaultMavenResourcesFiltering - Copying 1 resource from src\main\resources to target\classes
2025-07-14 12:23:27,748 [Worker-11: Launching jpa - JpaApplication] INFO  o.a.m.s.f.DefaultMavenResourcesFiltering - Copying 1 resource from src\main\resources to target\classes
2025-07-14 12:23:27,754 [Worker-11: Launching jpa - JpaApplication] INFO  o.a.m.s.f.DefaultMavenResourcesFiltering - skip non existing resourceDirectory C:\Students\Spring Boot Batch-1\TempSBGP\jpa\src\test\resources
2025-07-14 12:25:55,729 [Worker-10: Building] INFO  o.a.m.s.f.DefaultMavenResourcesFiltering - Copying 0 resource from src\main\resources to target\classes
2025-07-14 12:25:55,733 [Worker-10: Building] INFO  o.a.m.s.f.DefaultMavenResourcesFiltering - Copying 0 resource from src\main\resources to target\classes
2025-07-14 12:25:55,750 [Worker-10: Building] INFO  o.a.m.s.f.DefaultMavenResourcesFiltering - skip non existing resourceDirectory C:\Students\Spring Boot Batch-1\TempSBGP\jpa\src\test\resources
2025-07-14 12:27:30,609 [Worker-12: Launching jpa - JpaApplication] INFO  o.a.m.s.f.DefaultMavenResourcesFiltering - Copying 1 resource from src\main\resources to target\classes
2025-07-14 12:27:30,626 [Worker-12: Launching jpa - JpaApplication] INFO  o.a.m.s.f.DefaultMavenResourcesFiltering - Copying 1 resource from src\main\resources to target\classes
2025-07-14 12:27:30,634 [Worker-12: Launching jpa - JpaApplication] INFO  o.a.m.s.f.DefaultMavenResourcesFiltering - skip non existing resourceDirectory C:\Students\Spring Boot Batch-1\TempSBGP\jpa\src\test\resources
2025-07-14 12:45:23,884 [Worker-9: Launching jpa - JpaApplication] INFO  o.a.m.s.f.DefaultMavenResourcesFiltering - Copying 0 resource from src\main\resources to target\classes
2025-07-14 12:45:23,887 [Worker-9: Launching jpa - JpaApplication] INFO  o.a.m.s.f.DefaultMavenResourcesFiltering - Copying 0 resource from src\main\resources to target\classes
2025-07-14 12:45:23,896 [Worker-9: Launching jpa - JpaApplication] INFO  o.a.m.s.f.DefaultMavenResourcesFiltering - skip non existing resourceDirectory C:\Students\Spring Boot Batch-1\TempSBGP\jpa\src\test\resources
2025-07-14 12:47:08,133 [Worker-11: Launching jpa - JpaApplication] INFO  o.a.m.s.f.DefaultMavenResourcesFiltering - Copying 0 resource from src\main\resources to target\classes
2025-07-14 12:47:08,136 [Worker-11: Launching jpa - JpaApplication] INFO  o.a.m.s.f.DefaultMavenResourcesFiltering - Copying 0 resource from src\main\resources to target\classes
2025-07-14 12:47:08,142 [Worker-11: Launching jpa - JpaApplication] INFO  o.a.m.s.f.DefaultMavenResourcesFiltering - skip non existing resourceDirectory C:\Students\Spring Boot Batch-1\TempSBGP\jpa\src\test\resources
2025-07-14 12:48:23,838 [Worker-14: Launching jpa - JpaApplication] INFO  o.a.m.s.f.DefaultMavenResourcesFiltering - Copying 0 resource from src\main\resources to target\classes
2025-07-14 12:48:23,841 [Worker-14: Launching jpa - JpaApplication] INFO  o.a.m.s.f.DefaultMavenResourcesFiltering - Copying 0 resource from src\main\resources to target\classes
2025-07-14 12:48:23,855 [Worker-14: Launching jpa - JpaApplication] INFO  o.a.m.s.f.DefaultMavenResourcesFiltering - skip non existing resourceDirectory C:\Students\Spring Boot Batch-1\TempSBGP\jpa\src\test\resources
2025-07-14 12:55:43,381 [Worker-11: Building] INFO  o.a.m.s.f.DefaultMavenResourcesFiltering - Copying 0 resource from src\main\resources to target\classes
2025-07-14 12:55:43,384 [Worker-11: Building] INFO  o.a.m.s.f.DefaultMavenResourcesFiltering - Copying 0 resource from src\main\resources to target\classes
2025-07-14 12:55:43,389 [Worker-11: Building] INFO  o.a.m.s.f.DefaultMavenResourcesFiltering - skip non existing resourceDirectory C:\Students\Spring Boot Batch-1\TempSBGP\jpa\src\test\resources
2025-07-14 12:57:34,867 [Worker-11: Launching jpa - JpaApplication] INFO  o.a.m.s.f.DefaultMavenResourcesFiltering - Copying 1 resource from src\main\resources to target\classes
2025-07-14 12:57:34,881 [Worker-11: Launching jpa - JpaApplication] INFO  o.a.m.s.f.DefaultMavenResourcesFiltering - Copying 1 resource from src\main\resources to target\classes
2025-07-14 12:57:34,889 [Worker-11: Launching jpa - JpaApplication] INFO  o.a.m.s.f.DefaultMavenResourcesFiltering - skip non existing resourceDirectory C:\Students\Spring Boot Batch-1\TempSBGP\jpa\src\test\resources
2025-07-14 13:01:22,066 [Worker-9: Launching jpa - JpaApplication] INFO  o.a.m.s.f.DefaultMavenResourcesFiltering - Copying 0 resource from src\main\resources to target\classes
2025-07-14 13:01:22,069 [Worker-9: Launching jpa - JpaApplication] INFO  o.a.m.s.f.DefaultMavenResourcesFiltering - Copying 0 resource from src\main\resources to target\classes
2025-07-14 13:01:22,074 [Worker-9: Launching jpa - JpaApplication] INFO  o.a.m.s.f.DefaultMavenResourcesFiltering - skip non existing resourceDirectory C:\Students\Spring Boot Batch-1\TempSBGP\jpa\src\test\resources
2025-07-14 13:02:12,244 [Worker-15: Launching jpa - JpaApplication] INFO  o.a.m.s.f.DefaultMavenResourcesFiltering - Copying 0 resource from src\main\resources to target\classes
2025-07-14 13:02:12,246 [Worker-15: Launching jpa - JpaApplication] INFO  o.a.m.s.f.DefaultMavenResourcesFiltering - Copying 0 resource from src\main\resources to target\classes
2025-07-14 13:02:12,254 [Worker-15: Launching jpa - JpaApplication] INFO  o.a.m.s.f.DefaultMavenResourcesFiltering - skip non existing resourceDirectory C:\Students\Spring Boot Batch-1\TempSBGP\jpa\src\test\resources
2025-07-14 13:08:46,770 [Worker-10: Launching jpa - JpaApplication] INFO  o.a.m.s.f.DefaultMavenResourcesFiltering - Copying 0 resource from src\main\resources to target\classes
2025-07-14 13:08:46,774 [Worker-10: Launching jpa - JpaApplication] INFO  o.a.m.s.f.DefaultMavenResourcesFiltering - Copying 0 resource from src\main\resources to target\classes
2025-07-14 13:08:46,783 [Worker-10: Launching jpa - JpaApplication] INFO  o.a.m.s.f.DefaultMavenResourcesFiltering - skip non existing resourceDirectory C:\Students\Spring Boot Batch-1\TempSBGP\jpa\src\test\resources
2025-07-14 13:10:27,959 [Worker-11: Launching jpa - JpaApplication] INFO  o.a.m.s.f.DefaultMavenResourcesFiltering - Copying 0 resource from src\main\resources to target\classes
2025-07-14 13:10:27,962 [Worker-11: Launching jpa - JpaApplication] INFO  o.a.m.s.f.DefaultMavenResourcesFiltering - Copying 0 resource from src\main\resources to target\classes
2025-07-14 13:10:27,972 [Worker-11: Launching jpa - JpaApplication] INFO  o.a.m.s.f.DefaultMavenResourcesFiltering - skip non existing resourceDirectory C:\Students\Spring Boot Batch-1\TempSBGP\jpa\src\test\resources
2025-07-14 13:20:54,598 [Worker-13: Building] INFO  o.a.m.s.f.DefaultMavenResourcesFiltering - Copying 1 resource from src\main\resources to target\classes
2025-07-14 13:20:54,627 [Worker-13: Building] INFO  o.a.m.s.f.DefaultMavenResourcesFiltering - Copying 1 resource from src\main\resources to target\classes
2025-07-14 13:20:54,635 [Worker-13: Building] INFO  o.a.m.s.f.DefaultMavenResourcesFiltering - skip non existing resourceDirectory C:\Students\Spring Boot Batch-1\TempSBGP\jpa\src\test\resources
2025-07-14 13:26:26,988 [Worker-9: Launching jpa - JpaApplication] INFO  o.a.m.s.f.DefaultMavenResourcesFiltering - Copying 1 resource from src\main\resources to target\classes
2025-07-14 13:26:27,002 [Worker-9: Launching jpa - JpaApplication] INFO  o.a.m.s.f.DefaultMavenResourcesFiltering - Copying 1 resource from src\main\resources to target\classes
2025-07-14 13:26:27,005 [Worker-9: Launching jpa - JpaApplication] INFO  o.a.m.s.f.DefaultMavenResourcesFiltering - skip non existing resourceDirectory C:\Students\Spring Boot Batch-1\TempSBGP\jpa\src\test\resources
2025-07-14 13:27:42,067 [Worker-17: Launching jpa - JpaApplication] INFO  o.a.m.s.f.DefaultMavenResourcesFiltering - Copying 1 resource from src\main\resources to target\classes
2025-07-14 13:27:42,076 [Worker-17: Launching jpa - JpaApplication] INFO  o.a.m.s.f.DefaultMavenResourcesFiltering - Copying 1 resource from src\main\resources to target\classes
2025-07-14 13:27:42,086 [Worker-17: Launching jpa - JpaApplication] INFO  o.a.m.s.f.DefaultMavenResourcesFiltering - skip non existing resourceDirectory C:\Students\Spring Boot Batch-1\TempSBGP\jpa\src\test\resources
2025-07-14 13:35:25,461 [Worker-12: Building] INFO  o.a.m.s.f.DefaultMavenResourcesFiltering - Copying 1 resource from src\main\resources to target\classes
2025-07-14 13:35:25,517 [Worker-12: Building] INFO  o.a.m.s.f.DefaultMavenResourcesFiltering - Copying 1 resource from src\main\resources to target\classes
2025-07-14 13:35:25,529 [Worker-12: Building] INFO  o.a.m.s.f.DefaultMavenResourcesFiltering - skip non existing resourceDirectory C:\Students\Spring Boot Batch-1\TempSBGP\jpa\src\test\resources
2025-07-14 13:35:53,875 [Worker-11: Building] INFO  o.a.m.s.f.DefaultMavenResourcesFiltering - Copying 1 resource from src\main\resources to target\classes
2025-07-14 13:35:53,885 [Worker-11: Building] INFO  o.a.m.s.f.DefaultMavenResourcesFiltering - Copying 1 resource from src\main\resources to target\classes
2025-07-14 13:35:53,890 [Worker-11: Building] INFO  o.a.m.s.f.DefaultMavenResourcesFiltering - skip non existing resourceDirectory C:\Students\Spring Boot Batch-1\TempSBGP\jpa\src\test\resources
2025-07-14 13:37:56,106 [Worker-12: Building] INFO  o.a.m.s.f.DefaultMavenResourcesFiltering - Copying 1 resource from src\main\resources to target\classes
2025-07-14 13:37:56,128 [Worker-12: Building] INFO  o.a.m.s.f.DefaultMavenResourcesFiltering - Copying 1 resource from src\main\resources to target\classes
2025-07-14 13:37:56,140 [Worker-12: Building] INFO  o.a.m.s.f.DefaultMavenResourcesFiltering - skip non existing resourceDirectory C:\Students\Spring Boot Batch-1\TempSBGP\jpa\src\test\resources
2025-07-14 13:48:35,283 [Worker-9: Building] INFO  o.a.m.s.f.DefaultMavenResourcesFiltering - Copying 1 resource from src\main\resources to target\classes
2025-07-14 13:48:35,293 [Worker-9: Building] INFO  o.a.m.s.f.DefaultMavenResourcesFiltering - Copying 1 resource from src\main\resources to target\classes
2025-07-14 13:48:35,299 [Worker-9: Building] INFO  o.a.m.s.f.DefaultMavenResourcesFiltering - skip non existing resourceDirectory C:\Students\Spring Boot Batch-1\TempSBGP\jpa\src\test\resources
2025-07-14 13:49:34,359 [Worker-10: Launching jpa - JpaApplication] INFO  o.a.m.s.f.DefaultMavenResourcesFiltering - Copying 0 resource from src\main\resources to target\classes
2025-07-14 13:49:34,360 [Worker-10: Launching jpa - JpaApplication] INFO  o.a.m.s.f.DefaultMavenResourcesFiltering - Copying 0 resource from src\main\resources to target\classes
2025-07-14 13:49:34,366 [Worker-10: Launching jpa - JpaApplication] INFO  o.a.m.s.f.DefaultMavenResourcesFiltering - skip non existing resourceDirectory C:\Students\Spring Boot Batch-1\TempSBGP\jpa\src\test\resources
2025-07-16 12:11:38,564 [Worker-2: Loading available Gradle versions] INFO  o.e.b.c.i.u.g.PublishedGradleVersions - Gradle version information cache is out-of-date. Trying to update.
2025-07-16 12:22:44,642 [Worker-2: Building] INFO  o.a.m.s.f.DefaultMavenResourcesFiltering - Copying 1 resource from src\main\resources to target\classes
2025-07-16 12:22:44,675 [Worker-2: Building] INFO  o.a.m.s.f.DefaultMavenResourcesFiltering - Copying 1 resource from src\main\resources to target\classes
2025-07-16 12:22:44,680 [Worker-2: Building] INFO  o.a.m.s.f.DefaultMavenResourcesFiltering - skip non existing resourceDirectory C:\Students\Spring Boot Batch-1\TempSBGP\jpa\src\test\resources
2025-07-16 12:24:55,025 [Worker-1: Building] INFO  o.a.m.s.f.DefaultMavenResourcesFiltering - Copying 1 resource from src\main\resources to target\classes
2025-07-16 12:24:55,051 [Worker-1: Building] INFO  o.a.m.s.f.DefaultMavenResourcesFiltering - Copying 1 resource from src\main\resources to target\classes
2025-07-16 12:24:55,066 [Worker-1: Building] INFO  o.a.m.s.f.DefaultMavenResourcesFiltering - skip non existing resourceDirectory C:\Students\Spring Boot Batch-1\TempSBGP\jpa\src\test\resources
2025-07-16 12:26:00,082 [Worker-1: Launching jpa - JpaApplication] INFO  o.a.m.s.f.DefaultMavenResourcesFiltering - Copying 1 resource from src\main\resources to target\classes
2025-07-16 12:26:00,093 [Worker-1: Launching jpa - JpaApplication] INFO  o.a.m.s.f.DefaultMavenResourcesFiltering - Copying 1 resource from src\main\resources to target\classes
2025-07-16 12:26:00,102 [Worker-1: Launching jpa - JpaApplication] INFO  o.a.m.s.f.DefaultMavenResourcesFiltering - skip non existing resourceDirectory C:\Students\Spring Boot Batch-1\TempSBGP\jpa\src\test\resources
2025-07-16 12:27:11,989 [Worker-3: Launching jpa - JpaApplication] INFO  o.a.m.s.f.DefaultMavenResourcesFiltering - Copying 0 resource from src\main\resources to target\classes
2025-07-16 12:27:11,991 [Worker-3: Launching jpa - JpaApplication] INFO  o.a.m.s.f.DefaultMavenResourcesFiltering - Copying 0 resource from src\main\resources to target\classes
2025-07-16 12:27:11,997 [Worker-3: Launching jpa - JpaApplication] INFO  o.a.m.s.f.DefaultMavenResourcesFiltering - skip non existing resourceDirectory C:\Students\Spring Boot Batch-1\TempSBGP\jpa\src\test\resources
2025-07-16 12:28:05,391 [Worker-8: Launching jpa - JpaApplication] INFO  o.a.m.s.f.DefaultMavenResourcesFiltering - Copying 0 resource from src\main\resources to target\classes
2025-07-16 12:28:05,393 [Worker-8: Launching jpa - JpaApplication] INFO  o.a.m.s.f.DefaultMavenResourcesFiltering - Copying 0 resource from src\main\resources to target\classes
2025-07-16 12:28:05,405 [Worker-8: Launching jpa - JpaApplication] INFO  o.a.m.s.f.DefaultMavenResourcesFiltering - skip non existing resourceDirectory C:\Students\Spring Boot Batch-1\TempSBGP\jpa\src\test\resources
2025-07-16 13:22:46,030 [Worker-0: Launching jpa - JpaApplication] INFO  o.a.m.s.f.DefaultMavenResourcesFiltering - Copying 1 resource from src\main\resources to target\classes
2025-07-16 13:22:46,046 [Worker-0: Launching jpa - JpaApplication] INFO  o.a.m.s.f.DefaultMavenResourcesFiltering - Copying 1 resource from src\main\resources to target\classes
2025-07-16 13:22:46,059 [Worker-0: Launching jpa - JpaApplication] INFO  o.a.m.s.f.DefaultMavenResourcesFiltering - skip non existing resourceDirectory C:\Students\Spring Boot Batch-1\TempSBGP\jpa\src\test\resources
2025-07-18 12:17:42,576 [Worker-1: Loading available Gradle versions] INFO  o.e.b.c.i.u.g.PublishedGradleVersions - Gradle version information cache is out-of-date. Trying to update.
2025-07-18 12:23:23,603 [Worker-6: Building] INFO  o.a.m.s.f.DefaultMavenResourcesFiltering - Copying 1 resource from src\main\resources to target\classes
2025-07-18 12:23:23,635 [Worker-6: Building] INFO  o.a.m.s.f.DefaultMavenResourcesFiltering - Copying 1 resource from src\main\resources to target\classes
2025-07-18 12:23:23,651 [Worker-6: Building] INFO  o.a.m.s.f.DefaultMavenResourcesFiltering - skip non existing resourceDirectory C:\Students\Spring Boot Batch-1\TempSBGP\jpa\src\test\resources
2025-07-18 12:40:58,392 [Worker-10: Building] INFO  o.a.m.s.f.DefaultMavenResourcesFiltering - Copying 0 resource from src\main\resources to target\classes
2025-07-18 12:40:58,394 [Worker-10: Building] INFO  o.a.m.s.f.DefaultMavenResourcesFiltering - Copying 0 resource from src\main\resources to target\classes
2025-07-18 12:40:58,399 [Worker-10: Building] INFO  o.a.m.s.f.DefaultMavenResourcesFiltering - skip non existing resourceDirectory C:\Students\Spring Boot Batch-1\TempSBGP\jpa\src\test\resources
2025-07-18 12:45:59,366 [Worker-3: Building] INFO  o.a.m.s.f.DefaultMavenResourcesFiltering - Copying 0 resource from src\main\resources to target\classes
2025-07-18 12:45:59,368 [Worker-3: Building] INFO  o.a.m.s.f.DefaultMavenResourcesFiltering - Copying 0 resource from src\main\resources to target\classes
2025-07-18 12:45:59,373 [Worker-3: Building] INFO  o.a.m.s.f.DefaultMavenResourcesFiltering - skip non existing resourceDirectory C:\Students\Spring Boot Batch-1\TempSBGP\jpa\src\test\resources
2025-07-18 12:46:11,338 [Worker-8: Building] INFO  o.a.m.s.f.DefaultMavenResourcesFiltering - Copying 0 resource from src\main\resources to target\classes
2025-07-18 12:46:11,342 [Worker-8: Building] INFO  o.a.m.s.f.DefaultMavenResourcesFiltering - Copying 0 resource from src\main\resources to target\classes
2025-07-18 12:46:11,348 [Worker-8: Building] INFO  o.a.m.s.f.DefaultMavenResourcesFiltering - skip non existing resourceDirectory C:\Students\Spring Boot Batch-1\TempSBGP\jpa\src\test\resources
2025-07-18 13:01:17,783 [Worker-0: Launching jpa - JpaApplication] INFO  o.a.m.s.f.DefaultMavenResourcesFiltering - Copying 1 resource from src\main\resources to target\classes
2025-07-18 13:01:17,797 [Worker-0: Launching jpa - JpaApplication] INFO  o.a.m.s.f.DefaultMavenResourcesFiltering - Copying 1 resource from src\main\resources to target\classes
2025-07-18 13:01:17,806 [Worker-0: Launching jpa - JpaApplication] INFO  o.a.m.s.f.DefaultMavenResourcesFiltering - skip non existing resourceDirectory C:\Students\Spring Boot Batch-1\TempSBGP\jpa\src\test\resources
2025-07-18 13:14:46,621 [Worker-4: Launching jpa - JpaApplication] INFO  o.a.m.s.f.DefaultMavenResourcesFiltering - Copying 0 resource from src\main\resources to target\classes
2025-07-18 13:14:46,623 [Worker-4: Launching jpa - JpaApplication] INFO  o.a.m.s.f.DefaultMavenResourcesFiltering - Copying 0 resource from src\main\resources to target\classes
2025-07-18 13:14:46,635 [Worker-4: Launching jpa - JpaApplication] INFO  o.a.m.s.f.DefaultMavenResourcesFiltering - skip non existing resourceDirectory C:\Students\Spring Boot Batch-1\TempSBGP\jpa\src\test\resources
2025-07-18 13:23:10,435 [Worker-2: Launching jpa - JpaApplication] INFO  o.a.m.s.f.DefaultMavenResourcesFiltering - Copying 1 resource from src\main\resources to target\classes
2025-07-18 13:23:10,454 [Worker-2: Launching jpa - JpaApplication] INFO  o.a.m.s.f.DefaultMavenResourcesFiltering - Copying 1 resource from src\main\resources to target\classes
2025-07-18 13:23:10,462 [Worker-2: Launching jpa - JpaApplication] INFO  o.a.m.s.f.DefaultMavenResourcesFiltering - skip non existing resourceDirectory C:\Students\Spring Boot Batch-1\TempSBGP\jpa\src\test\resources
2025-07-18 13:27:18,644 [Worker-1: Launching jpa - JpaApplication] INFO  o.a.m.s.f.DefaultMavenResourcesFiltering - Copying 0 resource from src\main\resources to target\classes
2025-07-18 13:27:18,647 [Worker-1: Launching jpa - JpaApplication] INFO  o.a.m.s.f.DefaultMavenResourcesFiltering - Copying 0 resource from src\main\resources to target\classes
2025-07-18 13:27:18,656 [Worker-1: Launching jpa - JpaApplication] INFO  o.a.m.s.f.DefaultMavenResourcesFiltering - skip non existing resourceDirectory C:\Students\Spring Boot Batch-1\TempSBGP\jpa\src\test\resources
2025-07-18 13:28:23,772 [Worker-7: Launching jpa - JpaApplication] INFO  o.a.m.s.f.DefaultMavenResourcesFiltering - Copying 0 resource from src\main\resources to target\classes
2025-07-18 13:28:23,776 [Worker-7: Launching jpa - JpaApplication] INFO  o.a.m.s.f.DefaultMavenResourcesFiltering - Copying 0 resource from src\main\resources to target\classes
2025-07-18 13:28:23,780 [Worker-7: Launching jpa - JpaApplication] INFO  o.a.m.s.f.DefaultMavenResourcesFiltering - skip non existing resourceDirectory C:\Students\Spring Boot Batch-1\TempSBGP\jpa\src\test\resources
2025-07-18 13:36:37,165 [Worker-1: Launching jpa - JpaApplication] INFO  o.a.m.s.f.DefaultMavenResourcesFiltering - Copying 1 resource from src\main\resources to target\classes
2025-07-18 13:36:37,176 [Worker-1: Launching jpa - JpaApplication] INFO  o.a.m.s.f.DefaultMavenResourcesFiltering - Copying 1 resource from src\main\resources to target\classes
2025-07-18 13:36:37,209 [Worker-1: Launching jpa - JpaApplication] INFO  o.a.m.s.f.DefaultMavenResourcesFiltering - skip non existing resourceDirectory C:\Students\Spring Boot Batch-1\TempSBGP\jpa\src\test\resources
2025-07-18 13:39:41,495 [Worker-7: Building] INFO  o.a.m.s.f.DefaultMavenResourcesFiltering - Copying 0 resource from src\main\resources to target\classes
2025-07-18 13:39:41,498 [Worker-7: Building] INFO  o.a.m.s.f.DefaultMavenResourcesFiltering - Copying 0 resource from src\main\resources to target\classes
2025-07-18 13:39:41,510 [Worker-7: Building] INFO  o.a.m.s.f.DefaultMavenResourcesFiltering - skip non existing resourceDirectory C:\Students\Spring Boot Batch-1\TempSBGP\jpa\src\test\resources
2025-07-18 13:40:02,727 [Worker-10: Building] INFO  o.a.m.s.f.DefaultMavenResourcesFiltering - Copying 0 resource from src\main\resources to target\classes
2025-07-18 13:40:02,729 [Worker-10: Building] INFO  o.a.m.s.f.DefaultMavenResourcesFiltering - Copying 0 resource from src\main\resources to target\classes
2025-07-18 13:40:02,734 [Worker-10: Building] INFO  o.a.m.s.f.DefaultMavenResourcesFiltering - skip non existing resourceDirectory C:\Students\Spring Boot Batch-1\TempSBGP\jpa\src\test\resources
2025-07-18 13:40:17,878 [Worker-2: Building] INFO  o.a.m.s.f.DefaultMavenResourcesFiltering - Copying 0 resource from src\main\resources to target\classes
2025-07-18 13:40:17,880 [Worker-2: Building] INFO  o.a.m.s.f.DefaultMavenResourcesFiltering - Copying 0 resource from src\main\resources to target\classes
2025-07-18 13:40:17,884 [Worker-2: Building] INFO  o.a.m.s.f.DefaultMavenResourcesFiltering - skip non existing resourceDirectory C:\Students\Spring Boot Batch-1\TempSBGP\jpa\src\test\resources
2025-07-18 13:42:24,485 [Worker-7: Launching jpa - JpaApplication] INFO  o.a.m.s.f.DefaultMavenResourcesFiltering - Copying 1 resource from src\main\resources to target\classes
2025-07-18 13:42:24,516 [Worker-7: Launching jpa - JpaApplication] INFO  o.a.m.s.f.DefaultMavenResourcesFiltering - Copying 1 resource from src\main\resources to target\classes
2025-07-18 13:42:24,527 [Worker-7: Launching jpa - JpaApplication] INFO  o.a.m.s.f.DefaultMavenResourcesFiltering - skip non existing resourceDirectory C:\Students\Spring Boot Batch-1\TempSBGP\jpa\src\test\resources
2025-07-18 13:45:36,525 [Worker-10: Launching jpa - JpaApplication] INFO  o.a.m.s.f.DefaultMavenResourcesFiltering - Copying 1 resource from src\main\resources to target\classes
2025-07-18 13:45:36,538 [Worker-10: Launching jpa - JpaApplication] INFO  o.a.m.s.f.DefaultMavenResourcesFiltering - Copying 1 resource from src\main\resources to target\classes
2025-07-18 13:45:36,560 [Worker-10: Launching jpa - JpaApplication] INFO  o.a.m.s.f.DefaultMavenResourcesFiltering - skip non existing resourceDirectory C:\Students\Spring Boot Batch-1\TempSBGP\jpa\src\test\resources
2025-07-21 18:45:00,787 [Worker-7: Loading available Gradle versions] INFO  o.e.b.c.i.u.g.PublishedGradleVersions - Gradle version information cache is out-of-date. Trying to update.
2025-07-21 18:45:07,460 [Worker-22: Building] INFO  o.a.m.s.f.DefaultMavenResourcesFiltering - Copying 1 resource from src\main\resources to target\classes
2025-07-21 18:45:07,520 [Worker-22: Building] INFO  o.a.m.s.f.DefaultMavenResourcesFiltering - Copying 1 resource from src\main\resources to target\classes
2025-07-21 18:45:07,540 [Worker-22: Building] INFO  o.a.m.s.f.DefaultMavenResourcesFiltering - skip non existing resourceDirectory C:\Users\sayan\OneDrive\Desktop\SpringBoot\TempSBGP\TempSBGP\jpa\src\test\resources
2025-07-21 18:45:45,312 [Worker-1: Loading available Gradle versions] INFO  o.e.b.c.i.u.g.PublishedGradleVersions - Gradle version information cache is up-to-date. Trying to read.
2025-07-21 18:58:49,812 [Worker-13: Launching jpa - JpaApplication] INFO  o.a.m.s.f.DefaultMavenResourcesFiltering - Copying 1 resource from src\main\resources to target\classes
2025-07-21 18:58:49,861 [Worker-13: Launching jpa - JpaApplication] INFO  o.a.m.s.f.DefaultMavenResourcesFiltering - Copying 1 resource from src\main\resources to target\classes
2025-07-21 18:58:49,876 [Worker-13: Launching jpa - JpaApplication] INFO  o.a.m.s.f.DefaultMavenResourcesFiltering - skip non existing resourceDirectory C:\Users\sayan\OneDrive\Desktop\SpringBoot\TempSBGP\TempSBGP\jpa\src\test\resources
2025-07-21 19:06:18,980 [Worker-13: Launching jpa - JpaApplication] INFO  o.a.m.s.f.DefaultMavenResourcesFiltering - Copying 1 resource from src\main\resources to target\classes
2025-07-21 19:06:19,006 [Worker-13: Launching jpa - JpaApplication] INFO  o.a.m.s.f.DefaultMavenResourcesFiltering - Copying 0 resource from src\main\resources to target\classes
2025-07-21 19:06:19,020 [Worker-13: Launching jpa - JpaApplication] INFO  o.a.m.s.f.DefaultMavenResourcesFiltering - skip non existing resourceDirectory C:\Users\sayan\OneDrive\Desktop\SpringBoot\TempSBGP\TempSBGP\jpa\src\test\resources
